<?xml version="1.0" encoding="UTF-8"?>
<!-- Generated by org.testng.reporters.JUnitXMLReporter -->
<testsuite ignored="2" hostname="DESKTOP-ARU3PNK" failures="1" tests="2" name="Test" time="56.404" errors="0" timestamp="2025-06-01T15:24:42 IST">
  <testcase classname="tests.Test4" name="test4" time="32.318"/>
  <testcase classname="tests.Test5" name="test5" time="2.615">
    <failure type="java.lang.AssertionError" message="Sign in page doesnt exist expected [false] but found [true]">
      <![CDATA[java.lang.AssertionError: Sign in page doesnt exist expected [false] but found [true]
at tests.Test5.test5(Test5.java:21)
at java.base/java.util.ArrayList.forEach(ArrayList.java:1596)
... Removed 32 stack frames]]>
    </failure>
  </testcase> <!-- test5 -->
  <testcase classname="Base.base" name="@BeforeTest setup" time="0.0">
    <ignored/>
  </testcase> <!-- @BeforeTest setup -->
  <testcase classname="Base.base" name="@AfterTest tearDown" time="0.0">
    <ignored/>
  </testcase> <!-- @AfterTest tearDown -->
</testsuite> <!-- Test -->
